\BOOKMARK [1][-]{section.1}{\376\377\000B\000a\000s\000i\000c\000\040\000c\000o\000n\000c\000e\000p\000t\000s\000\040\000o\000f\000\040\000l\000i\000n\000e\000a\000r\000\040\000a\000l\000g\000e\000b\000r\000a}{}% 1
\BOOKMARK [1][-]{section.2}{\376\377\000M\000a\000t\000r\000i\000x\000-\000v\000e\000c\000t\000o\000r\000\040\000m\000u\000l\000t\000i\000p\000l\000i\000c\000a\000t\000i\000o\000n}{}% 2
\BOOKMARK [2][-]{subsection.2.1}{\376\377\000R\000o\000w\000-\000r\000e\000d\000u\000c\000e\000d\000\040\000e\000c\000h\000e\000l\000o\000n\000\040\000f\000o\000r\000m}{section.2}% 3
\BOOKMARK [1][-]{section.3}{\376\377\000M\000a\000t\000r\000i\000x\000-\000m\000a\000t\000r\000i\000x\000\040\000m\000u\000l\000t\000i\000p\000l\000i\000c\000a\000t\000i\000o\000n}{}% 4
\BOOKMARK [1][-]{section.4}{\376\377\000F\000a\000c\000t\000o\000r\000i\000z\000a\000t\000i\000o\000n\000s}{}% 5
\BOOKMARK [2][-]{subsection.4.1}{\376\377\000O\000r\000t\000h\000o\000g\000o\000n\000a\000l\000\040\000m\000a\000t\000r\000i\000c\000e\000s}{section.4}% 6
\BOOKMARK [3][-]{subsubsection.4.1.1}{\376\377\000R\000o\000t\000a\000t\000i\000o\000n}{subsection.4.1}% 7
\BOOKMARK [3][-]{subsubsection.4.1.2}{\376\377\000R\000e\000f\000l\000e\000c\000t\000i\000o\000n}{subsection.4.1}% 8
\BOOKMARK [1][-]{section.5}{\376\377\000N\000u\000l\000l\000\040\000s\000p\000a\000c\000e\000s}{}% 9
\BOOKMARK [1][-]{section.6}{\376\377\000N\000u\000l\000l\000\040\000s\000p\000a\000c\000e\000\040\000c\000a\000r\000d\000i\000n\000a\000l\000i\000t\000y}{}% 10
\BOOKMARK [1][-]{section.7}{\376\377\000E\000i\000g\000e\000n\000v\000a\000l\000u\000e\000s\000\040\000a\000n\000d\000\040\000e\000i\000g\000e\000n\000v\000e\000c\000t\000o\000r\000s}{}% 11
\BOOKMARK [2][-]{subsection.7.1}{\376\377\000E\000i\000g\000e\000n\000v\000e\000c\000t\000o\000r\000s\000\040\000o\000f\000\040\000m\000a\000t\000r\000i\000x\000\040\000p\000o\000w\000e\000r}{section.7}% 12
\BOOKMARK [2][-]{subsection.7.2}{\376\377\000P\000o\000w\000e\000r\000\040\000m\000e\000t\000h\000o\000d}{section.7}% 13
\BOOKMARK [2][-]{subsection.7.3}{\376\377\000S\000i\000m\000i\000l\000a\000r\000\040\000m\000a\000t\000r\000i\000c\000e\000s}{section.7}% 14
\BOOKMARK [2][-]{subsection.7.4}{\376\377\000Q\000R\000\040\000f\000a\000c\000t\000o\000r\000i\000z\000a\000t\000i\000o\000n}{section.7}% 15
\BOOKMARK [3][-]{subsubsection.7.4.1}{\376\377\000Q\000R\000\040\000i\000t\000e\000r\000a\000t\000i\000o\000n}{subsection.7.4}% 16
\BOOKMARK [2][-]{subsection.7.5}{\376\377\000P\000o\000s\000i\000t\000i\000v\000e\000-\000d\000e\000f\000i\000n\000i\000t\000e\000\040\000s\000y\000m\000m\000e\000t\000r\000i\000c\000\040\000m\000a\000t\000r\000i\000c\000e\000s\000\040\000\050\000S\000P\000D\000\051}{section.7}% 17
\BOOKMARK [3][-]{subsubsection.7.5.1}{\376\377\000S\000i\000n\000g\000u\000l\000a\000r\000\040\000V\000a\000l\000u\000e\000\040\000D\000e\000c\000o\000m\000p\000o\000s\000i\000t\000i\000o\000n\000\040\000\050\000S\000V\000D\000\051}{subsection.7.5}% 18
\BOOKMARK [3][-]{subsubsection.7.5.2}{\376\377\000E\000c\000o\000n\000o\000m\000y\000\040\000S\000V\000D}{subsection.7.5}% 19
\BOOKMARK [3][-]{subsubsection.7.5.3}{\376\377\000P\000r\000o\000o\000f\000\040\000o\000f\000\040\000t\000h\000e\000\040\000e\000x\000i\000s\000t\000e\000n\000c\000e\000\040\000o\000f\000\040\000S\000V\000D}{subsection.7.5}% 20
